<?xml version="1.0" encoding="utf-8"?><testsuites><testsuite name="pytest" errors="0" failures="0" skipped="0" tests="19" time="0.166" timestamp="2021-07-13T23:39:12.456218" hostname="DESKTOP-JJQFMAV"><testcase classname="test_widget" name="test_widget_functions_as_expected" time="0.001" /><testcase classname="tests.test_accum" name="test_accumulator_init" time="0.001" /><testcase classname="tests.test_accum" name="test_accumulator_add_one" time="0.001" /><testcase classname="tests.test_accum" name="test_accumulator_add_three" time="0.001" /><testcase classname="tests.test_accum" name="test_accumulator_add_one_twice" time="0.001" /><testcase classname="tests.test_accum" name="test_accumulator_cannot_set_count" time="0.001" /><testcase classname="tests.test_math" name="test_one_plus_one" time="0.001" /><testcase classname="tests.test_math" name="test_one_plus_two" time="0.001" /><testcase classname="tests.test_math" name="test_divide_by_zero" time="0.001" /><testcase classname="tests.test_math" name="test_multiplication[2-3-6]" time="0.001" /><testcase classname="tests.test_math" name="test_multiplication[1-99-99]" time="0.001" /><testcase classname="tests.test_math" name="test_multiplication[0-99-0]" time="0.001" /><testcase classname="tests.test_math" name="test_multiplication[3--4--12]" time="0.001" /><testcase classname="tests.test_math" name="test_multiplication[-5--5-25]" time="0.001" /><testcase classname="tests.test_math" name="test_multiplication[2.5-6.7-16.75]" time="0.001" /><testcase classname="tests.sportscar.body.test_body" name="test_body_functions_as_expected" time="0.001" /><testcase classname="tests.sportscar.engine.test_engine" name="test_engine_functions_as_expected" time="0.001" /><testcase classname="tests.sportscar.entertainment.test_entertainment" name="test_entertainment_functions_as_expected" time="0.001" /><testcase classname="tests.titlecase.test_titlecase.TitleCaseTests" name="test_lower_text_is_uppercased_as_expected" time="0.001" /></testsuite></testsuites>